Using pre-set license
Built from '2021.1/release' branch; Version is '2021.1.1f1 (6fdc41dfa55a) revision 7330881'; Using compiler version '192528614'; Build Type 'Release'
OS: 'Windows 10 Home; OS build 19042.928; Version 2009; 64bit' Language: 'ja' Physical Memory: 16294 MB
BatchMode: 1, IsHumanControllingUs: 0, StartBugReporterOnCrash: 0, Is64bit: 1, IsPro: 0

 COMMAND LINE ARGUMENTS:
D:\Unity\2021.1.1f1\Editor\Unity.exe
-adb2
-batchMode
-noUpm
-name
AssetImportWorker0
-projectPath
D:/Unity/TrapRun
-logFile
Logs/AssetImportWorker0.log
-srvPort
56735
Successfully changed project path to: D:/Unity/TrapRun
D:/Unity/TrapRun
Using Asset Import Pipeline V2.
Refreshing native plugins compatible for Editor in 26.29 ms, found 1 plugins.
Preloading 0 native plugins for Editor in 0.00 ms.
Initialize engine version: 2021.1.1f1 (6fdc41dfa55a)
[Subsystems] Discovering subsystems at path D:/Unity/2021.1.1f1/Editor/Data/Resources/UnitySubsystems
[Subsystems] Discovering subsystems at path D:/Unity/TrapRun/Assets
GfxDevice: creating device client; threaded=0; jobified=0
Direct3D:
    Version:  Direct3D 11.0 [level 11.1]
    Renderer: NVIDIA GeForce RTX 2070 SUPER (ID=0x1e84)
    Vendor:   NVIDIA
    VRAM:     8011 MB
    Driver:   27.21.14.6589
Initialize mono
Mono path[0] = 'D:/Unity/2021.1.1f1/Editor/Data/Managed'
Mono path[1] = 'D:/Unity/2021.1.1f1/Editor/Data/MonoBleedingEdge/lib/mono/unityjit'
Mono config path = 'D:/Unity/2021.1.1f1/Editor/Data/MonoBleedingEdge/etc'
Using monoOptions --debugger-agent=transport=dt_socket,embedding=1,server=y,suspend=n,address=127.0.0.1:56248
Begin MonoManager ReloadAssembly
Registering precompiled unity dll's ...
Register platform support module: D:/Unity/2021.1.1f1/Editor/Data/PlaybackEngines/WebGLSupport/UnityEditor.WebGL.Extensions.dll
Register platform support module: D:/Unity/2021.1.1f1/Editor/Data/PlaybackEngines/WindowsStandaloneSupport/UnityEditor.WindowsStandalone.Extensions.dll
Registered in 0.000828 seconds.
Native extension for WindowsStandalone target not found
Native extension for WebGL target not found
Refreshing native plugins compatible for Editor in 27.96 ms, found 1 plugins.
Preloading 0 native plugins for Editor in 0.00 ms.
Mono: successfully reloaded assembly
- Completed reload, in  1.021 seconds
Platform modules already initialized, skipping
Registering precompiled user dll's ...
Registered in 0.000560 seconds.
Begin MonoManager ReloadAssembly
Native extension for WindowsStandalone target not found
Native extension for WebGL target not found
Refreshing native plugins compatible for Editor in 27.21 ms, found 1 plugins.
Preloading 0 native plugins for Editor in 0.00 ms.
Mono: successfully reloaded assembly
- Completed reload, in  0.709 seconds
Platform modules already initialized, skipping
========================================================================
Worker process is ready to serve import requests
Launched and connected shader compiler UnityShaderCompiler.exe after 0.08 seconds
Refreshing native plugins compatible for Editor in 0.31 ms, found 1 plugins.
Preloading 0 native plugins for Editor in 0.00 ms.
Unloading 1851 Unused Serialized files (Serialized files now loaded: 0)
System memory in use before: 87.4 MB.
System memory in use after: 87.5 MB.

Unloading 19 unused Assets to reduce memory usage. Loaded Objects now: 2314.
Total: 1.638700 ms (FindLiveObjects: 0.154400 ms CreateObjectMapping: 0.078300 ms MarkObjects: 1.364800 ms  DeleteObjects: 0.040300 ms)

========================================================================
Received Import Request.
  path: Assets/Script/AudioManager.cs
  artifactKey: Guid(26543988b3516a24592dfdab5977a2af) Importer(815301076,1909f56bfc062723c751e8b465ee728b)
Start importing Assets/Script/AudioManager.cs using Guid(26543988b3516a24592dfdab5977a2af) Importer(815301076,1909f56bfc062723c751e8b465ee728b)  -> (artifact id: '178e6f8ad769862b3e5e1bed491c794c') in 0.046672 seconds 
========================================================================
Received Import Request.
  Time since last request: 126.921425 seconds.
  path: Assets/Script/Blinking.cs
  artifactKey: Guid(87ca34b25501c8c409c8bf1c284dda5e) Importer(815301076,1909f56bfc062723c751e8b465ee728b)
Start importing Assets/Script/Blinking.cs using Guid(87ca34b25501c8c409c8bf1c284dda5e) Importer(815301076,1909f56bfc062723c751e8b465ee728b)  -> (artifact id: '5b3da9c8e2a7d746f361da9cd015c9fb') in 0.262625 seconds 
========================================================================
Received Import Request.
  Time since last request: 19.406198 seconds.
  path: Assets/Script/Bullet.cs
  artifactKey: Guid(f714b98c29c525142989d0e7f846c35c) Importer(815301076,1909f56bfc062723c751e8b465ee728b)
Start importing Assets/Script/Bullet.cs using Guid(f714b98c29c525142989d0e7f846c35c) Importer(815301076,1909f56bfc062723c751e8b465ee728b)  -> (artifact id: 'ff0e64533a4c8ef62f3d4bcc09f338d9') in 0.009510 seconds 
========================================================================
Received Prepare
Registering precompiled user dll's ...
Registered in 0.000603 seconds.
Begin MonoManager ReloadAssembly
Native extension for WindowsStandalone target not found
Native extension for WebGL target not found
Refreshing native plugins compatible for Editor in 0.30 ms, found 1 plugins.
Preloading 0 native plugins for Editor in 0.00 ms.
Mono: successfully reloaded assembly
- Completed reload, in  0.639 seconds
Platform modules already initialized, skipping
Switching build target platform(19) subTarget(0) extendedPlatform(0) -> platform(13) subTarget(537395200) extendedPlatform(0)
Refreshing native plugins compatible for Editor in 0.30 ms, found 1 plugins.
Preloading 0 native plugins for Editor in 0.00 ms.
Unloading 1844 Unused Serialized files (Serialized files now loaded: 0)
System memory in use before: 86.9 MB.
System memory in use after: 87.0 MB.

Unloading 8 unused Assets to reduce memory usage. Loaded Objects now: 2317.
Total: 1.639500 ms (FindLiveObjects: 0.150600 ms CreateObjectMapping: 0.063300 ms MarkObjects: 1.414500 ms  DeleteObjects: 0.010500 ms)

AssetImportParameters requested are different than current active one (requested -> active):
  custom:graphics/normal-map-encoding: 01000000000000000000000000000000 -> 02000000000000000000000000000000
========================================================================
Received Import Request.
  Time since last request: 73.395486 seconds.
  path: Assets/Script/Bullet.cs
  artifactKey: Guid(f714b98c29c525142989d0e7f846c35c) Importer(815301076,1909f56bfc062723c751e8b465ee728b)
Start importing Assets/Script/Bullet.cs using Guid(f714b98c29c525142989d0e7f846c35c) Importer(815301076,1909f56bfc062723c751e8b465ee728b)  -> (artifact id: 'eb1525f1079c1ded9f7d8d5f41fc869e') in 0.003337 seconds 
========================================================================
Received Prepare
Registering precompiled user dll's ...
Registered in 0.000569 seconds.
Begin MonoManager ReloadAssembly
Native extension for WindowsStandalone target not found
Native extension for WebGL target not found
Refreshing native plugins compatible for Editor in 0.30 ms, found 1 plugins.
Preloading 0 native plugins for Editor in 0.00 ms.
Mono: successfully reloaded assembly
- Completed reload, in  0.644 seconds
Platform modules already initialized, skipping
Switching build target platform(19) subTarget(0) extendedPlatform(0) -> platform(13) subTarget(537395200) extendedPlatform(0)
Refreshing native plugins compatible for Editor in 0.29 ms, found 1 plugins.
Preloading 0 native plugins for Editor in 0.00 ms.
Unloading 1844 Unused Serialized files (Serialized files now loaded: 0)
System memory in use before: 86.9 MB.
System memory in use after: 87.0 MB.

Unloading 8 unused Assets to reduce memory usage. Loaded Objects now: 2320.
Total: 1.619400 ms (FindLiveObjects: 0.130300 ms CreateObjectMapping: 0.055600 ms MarkObjects: 1.422400 ms  DeleteObjects: 0.010400 ms)

AssetImportParameters requested are different than current active one (requested -> active):
  custom:graphics/normal-map-encoding: 01000000000000000000000000000000 -> 02000000000000000000000000000000
========================================================================
Received Import Request.
  Time since last request: 51.943069 seconds.
  path: Assets/Script/CeilingCheck.cs
  artifactKey: Guid(99472653eb6cbf246881d54a6c136443) Importer(815301076,1909f56bfc062723c751e8b465ee728b)
Start importing Assets/Script/CeilingCheck.cs using Guid(99472653eb6cbf246881d54a6c136443) Importer(815301076,1909f56bfc062723c751e8b465ee728b)  -> (artifact id: '044eb6025d4d2ea10615ab7b95b769a5') in 0.018268 seconds 
========================================================================
Received Prepare
Registering precompiled user dll's ...
Registered in 0.000633 seconds.
Begin MonoManager ReloadAssembly
Native extension for WindowsStandalone target not found
Native extension for WebGL target not found
Refreshing native plugins compatible for Editor in 0.34 ms, found 1 plugins.
Preloading 0 native plugins for Editor in 0.00 ms.
Mono: successfully reloaded assembly
- Completed reload, in  0.645 seconds
Platform modules already initialized, skipping
Switching build target platform(19) subTarget(0) extendedPlatform(0) -> platform(13) subTarget(537395200) extendedPlatform(0)
Refreshing native plugins compatible for Editor in 0.29 ms, found 1 plugins.
Preloading 0 native plugins for Editor in 0.00 ms.
Unloading 1844 Unused Serialized files (Serialized files now loaded: 0)
System memory in use before: 86.9 MB.
System memory in use after: 87.0 MB.

Unloading 8 unused Assets to reduce memory usage. Loaded Objects now: 2323.
Total: 1.813700 ms (FindLiveObjects: 0.154700 ms CreateObjectMapping: 0.071000 ms MarkObjects: 1.575700 ms  DeleteObjects: 0.011300 ms)

AssetImportParameters requested are different than current active one (requested -> active):
  custom:graphics/normal-map-encoding: 01000000000000000000000000000000 -> 02000000000000000000000000000000
========================================================================
Received Import Request.
  Time since last request: 134.154804 seconds.
  path: Assets/Script/FallBlock.cs
  artifactKey: Guid(1e9b7dd964736724b9f227ae68304227) Importer(815301076,1909f56bfc062723c751e8b465ee728b)
Start importing Assets/Script/FallBlock.cs using Guid(1e9b7dd964736724b9f227ae68304227) Importer(815301076,1909f56bfc062723c751e8b465ee728b)  -> (artifact id: '73c839678b8153d134eabecad06b716e') in 0.006009 seconds 
========================================================================
Received Prepare
Registering precompiled user dll's ...
Registered in 0.000568 seconds.
Begin MonoManager ReloadAssembly
Native extension for WindowsStandalone target not found
Native extension for WebGL target not found
Refreshing native plugins compatible for Editor in 0.30 ms, found 1 plugins.
Preloading 0 native plugins for Editor in 0.00 ms.
Mono: successfully reloaded assembly
- Completed reload, in  0.646 seconds
Platform modules already initialized, skipping
Switching build target platform(19) subTarget(0) extendedPlatform(0) -> platform(13) subTarget(537395200) extendedPlatform(0)
Refreshing native plugins compatible for Editor in 0.31 ms, found 1 plugins.
Preloading 0 native plugins for Editor in 0.00 ms.
Unloading 1844 Unused Serialized files (Serialized files now loaded: 0)
System memory in use before: 86.9 MB.
System memory in use after: 87.0 MB.

Unloading 8 unused Assets to reduce memory usage. Loaded Objects now: 2326.
Total: 1.764700 ms (FindLiveObjects: 0.144600 ms CreateObjectMapping: 0.056400 ms MarkObjects: 1.551600 ms  DeleteObjects: 0.011200 ms)

AssetImportParameters requested are different than current active one (requested -> active):
  custom:graphics/normal-map-encoding: 01000000000000000000000000000000 -> 02000000000000000000000000000000
========================================================================
Received Import Request.
  Time since last request: 130.341052 seconds.
  path: Assets/Script/GameClear.cs
  artifactKey: Guid(407990ae6c585814d833756b3bd5e8b9) Importer(815301076,1909f56bfc062723c751e8b465ee728b)
Start importing Assets/Script/GameClear.cs using Guid(407990ae6c585814d833756b3bd5e8b9) Importer(815301076,1909f56bfc062723c751e8b465ee728b)  -> (artifact id: '94b5cd6cae7cc6ef7ecd8e87be7ae62a') in 0.008817 seconds 
========================================================================
Received Import Request.
  Time since last request: 0.000195 seconds.
  path: Assets/Script/FallFloor.cs
  artifactKey: Guid(7e5a531dba3df2b49868f1e91ccc68d8) Importer(815301076,1909f56bfc062723c751e8b465ee728b)
Start importing Assets/Script/FallFloor.cs using Guid(7e5a531dba3df2b49868f1e91ccc68d8) Importer(815301076,1909f56bfc062723c751e8b465ee728b)  -> (artifact id: '22d6e0645154e98668b0d157efdd9433') in 0.004123 seconds 
========================================================================
Received Prepare
Registering precompiled user dll's ...
Registered in 0.000564 seconds.
Begin MonoManager ReloadAssembly
Native extension for WindowsStandalone target not found
Native extension for WebGL target not found
Refreshing native plugins compatible for Editor in 0.30 ms, found 1 plugins.
Preloading 0 native plugins for Editor in 0.00 ms.
Mono: successfully reloaded assembly
- Completed reload, in  0.657 seconds
Platform modules already initialized, skipping
Switching build target platform(19) subTarget(0) extendedPlatform(0) -> platform(13) subTarget(537395200) extendedPlatform(0)
Refreshing native plugins compatible for Editor in 0.30 ms, found 1 plugins.
Preloading 0 native plugins for Editor in 0.00 ms.
Unloading 1844 Unused Serialized files (Serialized files now loaded: 0)
System memory in use before: 86.9 MB.
System memory in use after: 87.1 MB.

Unloading 8 unused Assets to reduce memory usage. Loaded Objects now: 2329.
Total: 2.189300 ms (FindLiveObjects: 0.229400 ms CreateObjectMapping: 0.126200 ms MarkObjects: 1.822000 ms  DeleteObjects: 0.011100 ms)

AssetImportParameters requested are different than current active one (requested -> active):
  custom:graphics/normal-map-encoding: 01000000000000000000000000000000 -> 02000000000000000000000000000000
========================================================================
Received Import Request.
  Time since last request: 92.952236 seconds.
  path: Assets/Script/GroundCheck.cs
  artifactKey: Guid(a543021296cb703459571e2ef307944c) Importer(815301076,1909f56bfc062723c751e8b465ee728b)
Start importing Assets/Script/GroundCheck.cs using Guid(a543021296cb703459571e2ef307944c) Importer(815301076,1909f56bfc062723c751e8b465ee728b)  -> (artifact id: '2a16ca1cc42023e4bea32a9b071724c2') in 0.007368 seconds 
========================================================================
Received Prepare
Registering precompiled user dll's ...
Registered in 0.000570 seconds.
Begin MonoManager ReloadAssembly
Native extension for WindowsStandalone target not found
Native extension for WebGL target not found
Refreshing native plugins compatible for Editor in 0.30 ms, found 1 plugins.
Preloading 0 native plugins for Editor in 0.00 ms.
Mono: successfully reloaded assembly
- Completed reload, in  0.645 seconds
Platform modules already initialized, skipping
Switching build target platform(19) subTarget(0) extendedPlatform(0) -> platform(13) subTarget(537395200) extendedPlatform(0)
Refreshing native plugins compatible for Editor in 0.27 ms, found 1 plugins.
Preloading 0 native plugins for Editor in 0.00 ms.
Unloading 1844 Unused Serialized files (Serialized files now loaded: 0)
System memory in use before: 86.9 MB.
System memory in use after: 87.1 MB.

Unloading 8 unused Assets to reduce memory usage. Loaded Objects now: 2332.
Total: 1.693400 ms (FindLiveObjects: 0.132900 ms CreateObjectMapping: 0.057400 ms MarkObjects: 1.492900 ms  DeleteObjects: 0.009500 ms)

AssetImportParameters requested are different than current active one (requested -> active):
  custom:graphics/normal-map-encoding: 01000000000000000000000000000000 -> 02000000000000000000000000000000
========================================================================
Received Import Request.
  Time since last request: 130.434271 seconds.
  path: Assets/Script/GameManager.cs
  artifactKey: Guid(cdcbec477ffe8c746ada984a65f0eaba) Importer(815301076,1909f56bfc062723c751e8b465ee728b)
Start importing Assets/Script/GameManager.cs using Guid(cdcbec477ffe8c746ada984a65f0eaba) Importer(815301076,1909f56bfc062723c751e8b465ee728b)  -> (artifact id: '86cab139fb181b8c70351aae6e1c52ad') in 0.005868 seconds 
========================================================================
Received Prepare
Registering precompiled user dll's ...
Registered in 0.000490 seconds.
Begin MonoManager ReloadAssembly
Native extension for WindowsStandalone target not found
Native extension for WebGL target not found
Refreshing native plugins compatible for Editor in 0.30 ms, found 1 plugins.
Preloading 0 native plugins for Editor in 0.00 ms.
Mono: successfully reloaded assembly
- Completed reload, in  0.634 seconds
Platform modules already initialized, skipping
Switching build target platform(19) subTarget(0) extendedPlatform(0) -> platform(13) subTarget(537395200) extendedPlatform(0)
Refreshing native plugins compatible for Editor in 0.26 ms, found 1 plugins.
Preloading 0 native plugins for Editor in 0.00 ms.
Unloading 1843 Unused Serialized files (Serialized files now loaded: 0)
System memory in use before: 86.9 MB.
System memory in use after: 87.1 MB.

Unloading 8 unused Assets to reduce memory usage. Loaded Objects now: 2335.
Total: 1.682300 ms (FindLiveObjects: 0.174000 ms CreateObjectMapping: 0.068800 ms MarkObjects: 1.429700 ms  DeleteObjects: 0.009200 ms)

AssetImportParameters requested are different than current active one (requested -> active):
  custom:graphics/normal-map-encoding: 01000000000000000000000000000000 -> 02000000000000000000000000000000
========================================================================
Received Prepare
Registering precompiled user dll's ...
Registered in 0.000460 seconds.
Begin MonoManager ReloadAssembly
Native extension for WindowsStandalone target not found
Native extension for WebGL target not found
Refreshing native plugins compatible for Editor in 0.31 ms, found 1 plugins.
Preloading 0 native plugins for Editor in 0.00 ms.
Mono: successfully reloaded assembly
- Completed reload, in  0.632 seconds
Platform modules already initialized, skipping
Switching build target platform(19) subTarget(0) extendedPlatform(0) -> platform(13) subTarget(537395200) extendedPlatform(0)
Refreshing native plugins compatible for Editor in 0.21 ms, found 1 plugins.
Preloading 0 native plugins for Editor in 0.00 ms.
Unloading 1843 Unused Serialized files (Serialized files now loaded: 0)
System memory in use before: 86.9 MB.
System memory in use after: 87.1 MB.

Unloading 8 unused Assets to reduce memory usage. Loaded Objects now: 2338.
Total: 1.701700 ms (FindLiveObjects: 0.132300 ms CreateObjectMapping: 0.052100 ms MarkObjects: 1.507700 ms  DeleteObjects: 0.009200 ms)

AssetImportParameters requested are different than current active one (requested -> active):
  custom:graphics/normal-map-encoding: 01000000000000000000000000000000 -> 02000000000000000000000000000000
========================================================================
Received Prepare
Registering precompiled user dll's ...
Registered in 0.000540 seconds.
Begin MonoManager ReloadAssembly
Native extension for WindowsStandalone target not found
Native extension for WebGL target not found
Refreshing native plugins compatible for Editor in 0.31 ms, found 1 plugins.
Preloading 0 native plugins for Editor in 0.00 ms.
Mono: successfully reloaded assembly
- Completed reload, in  0.646 seconds
Platform modules already initialized, skipping
Switching build target platform(19) subTarget(0) extendedPlatform(0) -> platform(13) subTarget(537395200) extendedPlatform(0)
Refreshing native plugins compatible for Editor in 0.30 ms, found 1 plugins.
Preloading 0 native plugins for Editor in 0.00 ms.
Unloading 1843 Unused Serialized files (Serialized files now loaded: 0)
System memory in use before: 87.0 MB.
System memory in use after: 87.1 MB.

Unloading 8 unused Assets to reduce memory usage. Loaded Objects now: 2341.
Total: 1.639700 ms (FindLiveObjects: 0.133100 ms CreateObjectMapping: 0.056300 ms MarkObjects: 1.438600 ms  DeleteObjects: 0.010900 ms)

AssetImportParameters requested are different than current active one (requested -> active):
  custom:graphics/normal-map-encoding: 01000000000000000000000000000000 -> 02000000000000000000000000000000
========================================================================
Received Import Request.
  Time since last request: 265.207808 seconds.
  path: Assets/Script/Menu.cs
  artifactKey: Guid(1270e88e36767a54d88c27b235b51ae9) Importer(815301076,1909f56bfc062723c751e8b465ee728b)
Start importing Assets/Script/Menu.cs using Guid(1270e88e36767a54d88c27b235b51ae9) Importer(815301076,1909f56bfc062723c751e8b465ee728b)  -> (artifact id: 'c98ac6317c4524fdd1c7353d7d9a5e7d') in 0.008745 seconds 
========================================================================
Received Prepare
Registering precompiled user dll's ...
Registered in 0.000574 seconds.
Begin MonoManager ReloadAssembly
Native extension for WindowsStandalone target not found
Native extension for WebGL target not found
Refreshing native plugins compatible for Editor in 0.30 ms, found 1 plugins.
Preloading 0 native plugins for Editor in 0.00 ms.
Mono: successfully reloaded assembly
- Completed reload, in  0.667 seconds
Platform modules already initialized, skipping
Switching build target platform(19) subTarget(0) extendedPlatform(0) -> platform(13) subTarget(537395200) extendedPlatform(0)
Refreshing native plugins compatible for Editor in 0.29 ms, found 1 plugins.
Preloading 0 native plugins for Editor in 0.00 ms.
Unloading 1843 Unused Serialized files (Serialized files now loaded: 0)
System memory in use before: 87.0 MB.
System memory in use after: 87.1 MB.

Unloading 8 unused Assets to reduce memory usage. Loaded Objects now: 2344.
Total: 1.728600 ms (FindLiveObjects: 0.153800 ms CreateObjectMapping: 0.088600 ms MarkObjects: 1.473200 ms  DeleteObjects: 0.011500 ms)

AssetImportParameters requested are different than current active one (requested -> active):
  custom:graphics/normal-map-encoding: 01000000000000000000000000000000 -> 02000000000000000000000000000000
========================================================================
Received Import Request.
  Time since last request: 51.113080 seconds.
  path: Assets/Script/MoveObject.cs
  artifactKey: Guid(c8404ef5f13adf142935d981f7df5fae) Importer(815301076,1909f56bfc062723c751e8b465ee728b)
Start importing Assets/Script/MoveObject.cs using Guid(c8404ef5f13adf142935d981f7df5fae) Importer(815301076,1909f56bfc062723c751e8b465ee728b)  -> (artifact id: '53d3810258c214faa5cf33ac53e44440') in 0.020248 seconds 
========================================================================
Received Prepare
Registering precompiled user dll's ...
Registered in 0.000554 seconds.
Begin MonoManager ReloadAssembly
Native extension for WindowsStandalone target not found
Native extension for WebGL target not found
Refreshing native plugins compatible for Editor in 0.36 ms, found 1 plugins.
Preloading 0 native plugins for Editor in 0.00 ms.
Mono: successfully reloaded assembly
- Completed reload, in  0.662 seconds
Platform modules already initialized, skipping
Switching build target platform(19) subTarget(0) extendedPlatform(0) -> platform(13) subTarget(537395200) extendedPlatform(0)
Refreshing native plugins compatible for Editor in 0.31 ms, found 1 plugins.
Preloading 0 native plugins for Editor in 0.00 ms.
Unloading 1843 Unused Serialized files (Serialized files now loaded: 0)
System memory in use before: 87.0 MB.
System memory in use after: 87.1 MB.

Unloading 8 unused Assets to reduce memory usage. Loaded Objects now: 2347.
Total: 1.721200 ms (FindLiveObjects: 0.139100 ms CreateObjectMapping: 0.061500 ms MarkObjects: 1.508400 ms  DeleteObjects: 0.011500 ms)

AssetImportParameters requested are different than current active one (requested -> active):
  custom:graphics/normal-map-encoding: 01000000000000000000000000000000 -> 02000000000000000000000000000000
========================================================================
Received Import Request.
  Time since last request: 225.918095 seconds.
  path: Assets/Script/MoveRound.cs
  artifactKey: Guid(6a991183ca7067341a9779e6884b7622) Importer(815301076,1909f56bfc062723c751e8b465ee728b)
Start importing Assets/Script/MoveRound.cs using Guid(6a991183ca7067341a9779e6884b7622) Importer(815301076,1909f56bfc062723c751e8b465ee728b)  -> (artifact id: 'd64c9b9f413d68b830633017b69c4f6c') in 0.008270 seconds 
========================================================================
Received Prepare
Registering precompiled user dll's ...
Registered in 0.000561 seconds.
Begin MonoManager ReloadAssembly
Native extension for WindowsStandalone target not found
Native extension for WebGL target not found
Refreshing native plugins compatible for Editor in 0.31 ms, found 1 plugins.
Preloading 0 native plugins for Editor in 0.00 ms.
Mono: successfully reloaded assembly
- Completed reload, in  0.636 seconds
Platform modules already initialized, skipping
Switching build target platform(19) subTarget(0) extendedPlatform(0) -> platform(13) subTarget(537395200) extendedPlatform(0)
Refreshing native plugins compatible for Editor in 0.30 ms, found 1 plugins.
Preloading 0 native plugins for Editor in 0.00 ms.
Unloading 1843 Unused Serialized files (Serialized files now loaded: 0)
System memory in use before: 87.0 MB.
System memory in use after: 87.1 MB.

Unloading 8 unused Assets to reduce memory usage. Loaded Objects now: 2350.
Total: 1.698600 ms (FindLiveObjects: 0.167600 ms CreateObjectMapping: 0.074200 ms MarkObjects: 1.446700 ms  DeleteObjects: 0.009500 ms)

AssetImportParameters requested are different than current active one (requested -> active):
  custom:graphics/normal-map-encoding: 01000000000000000000000000000000 -> 02000000000000000000000000000000
========================================================================
Received Import Request.
  Time since last request: 51.155417 seconds.
  path: Assets/Script/PitTrap.cs
  artifactKey: Guid(5b06cecb98c1f3f42acbe17ce9f53b7e) Importer(815301076,1909f56bfc062723c751e8b465ee728b)
Start importing Assets/Script/PitTrap.cs using Guid(5b06cecb98c1f3f42acbe17ce9f53b7e) Importer(815301076,1909f56bfc062723c751e8b465ee728b)  -> (artifact id: 'bf28084f226dcd3be32e7205c3d0e7eb') in 0.005894 seconds 
========================================================================
Received Prepare
Registering precompiled user dll's ...
Registered in 0.000445 seconds.
Begin MonoManager ReloadAssembly
Native extension for WindowsStandalone target not found
Native extension for WebGL target not found
Refreshing native plugins compatible for Editor in 0.33 ms, found 1 plugins.
Preloading 0 native plugins for Editor in 0.00 ms.
Mono: successfully reloaded assembly
- Completed reload, in  0.658 seconds
Platform modules already initialized, skipping
Switching build target platform(19) subTarget(0) extendedPlatform(0) -> platform(13) subTarget(537395200) extendedPlatform(0)
Refreshing native plugins compatible for Editor in 0.26 ms, found 1 plugins.
Preloading 0 native plugins for Editor in 0.00 ms.
Unloading 1843 Unused Serialized files (Serialized files now loaded: 0)
System memory in use before: 87.0 MB.
System memory in use after: 87.1 MB.

Unloading 8 unused Assets to reduce memory usage. Loaded Objects now: 2353.
Total: 1.625400 ms (FindLiveObjects: 0.141600 ms CreateObjectMapping: 0.056400 ms MarkObjects: 1.416400 ms  DeleteObjects: 0.010200 ms)

AssetImportParameters requested are different than current active one (requested -> active):
  custom:graphics/normal-map-encoding: 01000000000000000000000000000000 -> 02000000000000000000000000000000
========================================================================
Received Prepare
Registering precompiled user dll's ...
Registered in 0.000555 seconds.
Begin MonoManager ReloadAssembly
Native extension for WindowsStandalone target not found
Native extension for WebGL target not found
Refreshing native plugins compatible for Editor in 0.31 ms, found 1 plugins.
Preloading 0 native plugins for Editor in 0.00 ms.
Mono: successfully reloaded assembly
- Completed reload, in  0.655 seconds
Platform modules already initialized, skipping
Switching build target platform(19) subTarget(0) extendedPlatform(0) -> platform(13) subTarget(537395200) extendedPlatform(0)
Refreshing native plugins compatible for Editor in 0.29 ms, found 1 plugins.
Preloading 0 native plugins for Editor in 0.00 ms.
Unloading 1843 Unused Serialized files (Serialized files now loaded: 0)
System memory in use before: 87.0 MB.
System memory in use after: 87.1 MB.

Unloading 8 unused Assets to reduce memory usage. Loaded Objects now: 2356.
Total: 1.650100 ms (FindLiveObjects: 0.157700 ms CreateObjectMapping: 0.067200 ms MarkObjects: 1.412800 ms  DeleteObjects: 0.011500 ms)

AssetImportParameters requested are different than current active one (requested -> active):
  custom:graphics/normal-map-encoding: 01000000000000000000000000000000 -> 02000000000000000000000000000000
========================================================================
Received Import Request.
  Time since last request: 427.009443 seconds.
  path: Assets/Script/SceneChanger.cs
  artifactKey: Guid(d17c11a0367b1b140ac2039de56d38e8) Importer(815301076,1909f56bfc062723c751e8b465ee728b)
Start importing Assets/Script/SceneChanger.cs using Guid(d17c11a0367b1b140ac2039de56d38e8) Importer(815301076,1909f56bfc062723c751e8b465ee728b)  -> (artifact id: '7a7e45991de3dee1e3c84cf4a5c5496a') in 0.017348 seconds 
========================================================================
Received Prepare
Registering precompiled user dll's ...
Registered in 0.000557 seconds.
Begin MonoManager ReloadAssembly
Native extension for WindowsStandalone target not found
Native extension for WebGL target not found
Refreshing native plugins compatible for Editor in 0.30 ms, found 1 plugins.
Preloading 0 native plugins for Editor in 0.00 ms.
Mono: successfully reloaded assembly
- Completed reload, in  0.656 seconds
Platform modules already initialized, skipping
Switching build target platform(19) subTarget(0) extendedPlatform(0) -> platform(13) subTarget(537395200) extendedPlatform(0)
Refreshing native plugins compatible for Editor in 0.30 ms, found 1 plugins.
Preloading 0 native plugins for Editor in 0.00 ms.
Unloading 1843 Unused Serialized files (Serialized files now loaded: 0)
System memory in use before: 87.0 MB.
System memory in use after: 87.1 MB.

Unloading 8 unused Assets to reduce memory usage. Loaded Objects now: 2359.
Total: 1.591300 ms (FindLiveObjects: 0.131400 ms CreateObjectMapping: 0.055400 ms MarkObjects: 1.393800 ms  DeleteObjects: 0.010000 ms)

AssetImportParameters requested are different than current active one (requested -> active):
  custom:graphics/normal-map-encoding: 01000000000000000000000000000000 -> 02000000000000000000000000000000
========================================================================
Received Import Request.
  Time since last request: 190.028161 seconds.
  path: Assets/Script/TrapShooting.cs
  artifactKey: Guid(f8dd35efcd1c90943966bff138908197) Importer(815301076,1909f56bfc062723c751e8b465ee728b)
Start importing Assets/Script/TrapShooting.cs using Guid(f8dd35efcd1c90943966bff138908197) Importer(815301076,1909f56bfc062723c751e8b465ee728b)  -> (artifact id: '3f974160fdad276562569b34f6211565') in 0.008103 seconds 
========================================================================
Received Import Request.
  Time since last request: 0.000273 seconds.
  path: Assets/Script/Timer.cs
  artifactKey: Guid(c116ded08375f4c479597d1fda80f51f) Importer(815301076,1909f56bfc062723c751e8b465ee728b)
Start importing Assets/Script/Timer.cs using Guid(c116ded08375f4c479597d1fda80f51f) Importer(815301076,1909f56bfc062723c751e8b465ee728b)  -> (artifact id: 'bf7d4b84caca8b498187224a0538674c') in 0.017783 seconds 
========================================================================
Received Prepare
Registering precompiled user dll's ...
Registered in 0.000576 seconds.
Begin MonoManager ReloadAssembly
Native extension for WindowsStandalone target not found
Native extension for WebGL target not found
Refreshing native plugins compatible for Editor in 0.30 ms, found 1 plugins.
Preloading 0 native plugins for Editor in 0.00 ms.
Mono: successfully reloaded assembly
- Completed reload, in  0.665 seconds
Platform modules already initialized, skipping
Switching build target platform(19) subTarget(0) extendedPlatform(0) -> platform(13) subTarget(537395200) extendedPlatform(0)
Refreshing native plugins compatible for Editor in 0.29 ms, found 1 plugins.
Preloading 0 native plugins for Editor in 0.00 ms.
Unloading 1843 Unused Serialized files (Serialized files now loaded: 0)
System memory in use before: 87.0 MB.
System memory in use after: 87.1 MB.

Unloading 8 unused Assets to reduce memory usage. Loaded Objects now: 2362.
Total: 1.716300 ms (FindLiveObjects: 0.151700 ms CreateObjectMapping: 0.067800 ms MarkObjects: 1.485500 ms  DeleteObjects: 0.010700 ms)

AssetImportParameters requested are different than current active one (requested -> active):
  custom:graphics/normal-map-encoding: 01000000000000000000000000000000 -> 02000000000000000000000000000000
========================================================================
Received Import Request.
  Time since last request: 86.626406 seconds.
  path: Assets/Script/TrapShooting.cs
  artifactKey: Guid(f8dd35efcd1c90943966bff138908197) Importer(815301076,1909f56bfc062723c751e8b465ee728b)
Start importing Assets/Script/TrapShooting.cs using Guid(f8dd35efcd1c90943966bff138908197) Importer(815301076,1909f56bfc062723c751e8b465ee728b)  -> (artifact id: '71b5d52dce17ea0da56d064aff8f4611') in 0.003018 seconds 
========================================================================
Received Prepare
Registering precompiled user dll's ...
Registered in 0.000573 seconds.
Begin MonoManager ReloadAssembly
Native extension for WindowsStandalone target not found
Native extension for WebGL target not found
Refreshing native plugins compatible for Editor in 0.30 ms, found 1 plugins.
Preloading 0 native plugins for Editor in 0.00 ms.
Mono: successfully reloaded assembly
- Completed reload, in  0.663 seconds
Platform modules already initialized, skipping
Switching build target platform(19) subTarget(0) extendedPlatform(0) -> platform(13) subTarget(537395200) extendedPlatform(0)
Refreshing native plugins compatible for Editor in 0.25 ms, found 1 plugins.
Preloading 0 native plugins for Editor in 0.00 ms.
Unloading 1843 Unused Serialized files (Serialized files now loaded: 0)
System memory in use before: 87.0 MB.
System memory in use after: 87.1 MB.

Unloading 8 unused Assets to reduce memory usage. Loaded Objects now: 2365.
Total: 2.003300 ms (FindLiveObjects: 0.302800 ms CreateObjectMapping: 0.059800 ms MarkObjects: 1.630200 ms  DeleteObjects: 0.010000 ms)

AssetImportParameters requested are different than current active one (requested -> active):
  custom:graphics/normal-map-encoding: 01000000000000000000000000000000 -> 02000000000000000000000000000000
========================================================================
Received Import Request.
  Time since last request: 33.032941 seconds.
  path: Assets/Script/TrapTrigger.cs
  artifactKey: Guid(1d9dee60fdbdfc3459c4a3400e6d47c9) Importer(815301076,1909f56bfc062723c751e8b465ee728b)
Start importing Assets/Script/TrapTrigger.cs using Guid(1d9dee60fdbdfc3459c4a3400e6d47c9) Importer(815301076,1909f56bfc062723c751e8b465ee728b)  -> (artifact id: '868ec885a1b55ee59aa300a9149c70da') in 0.018544 seconds 
AssetImportWorkerClient::OnTransportError - code=2 error=End of file
